<?xml version="1.0" encoding="UTF-8"?>
<testng-results ignored="0" total="1" passed="1" failed="0" skipped="0">
  <reporter-output>
  </reporter-output>
  <suite started-at="2021-11-27T01:07:02 PST" name="Default suite" finished-at="2021-11-27T01:07:33 PST" duration-ms="31502">
    <groups>
    </groups>
    <test started-at="2021-11-27T01:07:02 PST" name="Default test" finished-at="2021-11-27T01:07:33 PST" duration-ms="31502">
      <class name="coms.VerifyDataDrivenAccountCreation">
        <test-method is-config="true" signature="openBrowser()[pri:0, instance:coms.VerifyDataDrivenAccountCreation@18df8434]" started-at="2021-11-27T01:07:02 PST" name="openBrowser" finished-at="2021-11-27T01:07:08 PST" duration-ms="6561" status="PASS">
          <reporter-output>
          </reporter-output>
        </test-method> <!-- openBrowser -->
        <test-method signature="accountCreation()[pri:0, instance:coms.VerifyDataDrivenAccountCreation@18df8434]" started-at="2021-11-27T01:07:08 PST" name="accountCreation" finished-at="2021-11-27T01:07:33 PST" duration-ms="24879" status="PASS">
          <reporter-output>
          </reporter-output>
        </test-method> <!-- accountCreation -->
        <test-method is-config="true" signature="closeApplication()[pri:0, instance:coms.VerifyDataDrivenAccountCreation@18df8434]" started-at="2021-11-27T01:07:33 PST" name="closeApplication" finished-at="2021-11-27T01:07:33 PST" duration-ms="2" status="PASS">
          <reporter-output>
          </reporter-output>
        </test-method> <!-- closeApplication -->
      </class> <!-- coms.VerifyDataDrivenAccountCreation -->
    </test> <!-- Default test -->
  </suite> <!-- Default suite -->
</testng-results>
